2016-04-07 19:29:31,257 - migutils.LoggerWrapper - INFO - b'starting rf reader loop'
2016-04-07 19:29:31,260 - migutils.LoggerWrapper - INFO - b'waiting for rf tag'
2016-04-07 19:29:35,483 - migutils.LoggerWrapper - INFO - b'startSimSequence2()'
2016-04-07 19:29:35,485 - migutils.LoggerWrapper - INFO - b'thread started for: startSim2()'
2016-04-07 19:29:35,487 - migutils.LoggerWrapper - INFO - b'startFan()'
2016-04-07 19:29:35,553 - migutils.LoggerWrapper - INFO - b'startLed2()'
2016-04-07 19:29:36,562 - migutils.LoggerWrapper - INFO - b'stopLed2()'
2016-04-07 19:29:37,564 - migutils.LoggerWrapper - INFO - b'stopFan()'
2016-04-07 19:30:19,872 - migutils.LoggerWrapper - INFO - b'starting rf reader loop'
2016-04-07 19:30:19,874 - migutils.LoggerWrapper - INFO - b'waiting for rf tag'
2016-04-07 19:30:21,560 - migutils.LoggerWrapper - INFO - b'startSimSequence2()'
2016-04-07 19:30:21,562 - migutils.LoggerWrapper - INFO - b'thread started for: startSim2()'
2016-04-07 19:30:21,564 - migutils.LoggerWrapper - INFO - b'startFan()'
2016-04-07 19:30:21,592 - migutils.LoggerWrapper - INFO - b'startLed2()'
2016-04-07 19:30:22,606 - migutils.LoggerWrapper - INFO - b'stopLed2()'
2016-04-07 19:30:23,609 - migutils.LoggerWrapper - INFO - b'stopFan()'
2016-04-07 19:31:36,637 - migutils.LoggerWrapper - INFO - b'starting rf reader loop'
2016-04-07 19:31:36,639 - migutils.LoggerWrapper - INFO - b'waiting for rf tag'
2016-04-07 19:31:38,930 - migutils.LoggerWrapper - INFO - b'startSimSequence2()'
2016-04-07 19:31:38,932 - migutils.LoggerWrapper - INFO - b'thread started for: startSim2()'
2016-04-07 19:31:38,933 - migutils.LoggerWrapper - INFO - b'waiting for rf tag'
2016-04-07 19:31:38,934 - migutils.LoggerWrapper - INFO - b'startFan()'
2016-04-07 19:31:38,936 - migutils.LoggerWrapper - INFO - b'startLed2()'
2016-04-07 19:31:39,938 - migutils.LoggerWrapper - INFO - b'stopLed2()'
2016-04-07 19:31:40,941 - migutils.LoggerWrapper - INFO - b'stopFan()'
2016-04-07 19:32:35,884 - migutils.LoggerWrapper - INFO - b'starting rf reader loop'
2016-04-07 19:32:35,887 - migutils.LoggerWrapper - INFO - b'waiting for rf tag'
2016-04-07 19:32:37,580 - migutils.LoggerWrapper - INFO - b'startSimSequence2()'
2016-04-07 19:32:37,582 - migutils.LoggerWrapper - INFO - b'thread started for: startSim2()'
2016-04-07 19:32:37,599 - migutils.LoggerWrapper - INFO - b'startFan()'
2016-04-07 19:32:37,601 - migutils.LoggerWrapper - INFO - b'startLed2()'
2016-04-07 19:32:38,605 - migutils.LoggerWrapper - INFO - b'stopLed2()'
2016-04-07 19:32:39,608 - migutils.LoggerWrapper - INFO - b'stopFan()'
2016-04-07 19:33:37,269 - migutils.LoggerWrapper - INFO - b'starting rf reader loop'
2016-04-07 19:33:37,273 - migutils.LoggerWrapper - INFO - b'waiting for rf tag'
2016-04-07 19:33:41,224 - migutils.LoggerWrapper - INFO - b'startSimSequence2()'
2016-04-07 19:33:41,226 - migutils.LoggerWrapper - INFO - b'thread started for: startSim2()'
2016-04-07 19:33:41,231 - migutils.LoggerWrapper - INFO - b'startFan()'
2016-04-07 19:33:41,244 - migutils.LoggerWrapper - INFO - b'startLed2()'
2016-04-07 19:33:42,247 - migutils.LoggerWrapper - INFO - b'stopLed2()'
2016-04-07 19:33:43,249 - migutils.LoggerWrapper - INFO - b'stopFan()'
2016-04-07 19:34:15,235 - migutils.LoggerWrapper - INFO - b'starting rf reader loop'
2016-04-07 19:34:15,238 - migutils.LoggerWrapper - INFO - b'waiting for rf tag'
2016-04-07 19:35:33,964 - migutils.LoggerWrapper - INFO - b'starting rf reader loop'
2016-04-07 19:35:33,966 - migutils.LoggerWrapper - INFO - b'waiting for rf tag'
2016-04-07 19:35:35,652 - migutils.LoggerWrapper - INFO - b'rf recievied: f18734b1a9b57adb4985f8'
2016-04-07 19:35:35,654 - migutils.LoggerWrapper - INFO - b'startSimSequence2()'
2016-04-07 19:35:35,656 - migutils.LoggerWrapper - INFO - b'thread started for: startSim2()'
2016-04-07 19:35:35,661 - migutils.LoggerWrapper - INFO - b'startFan()'
2016-04-07 19:35:35,669 - migutils.LoggerWrapper - INFO - b'startLed2()'
2016-04-07 19:35:36,680 - migutils.LoggerWrapper - INFO - b'stopLed2()'
2016-04-07 19:35:37,683 - migutils.LoggerWrapper - INFO - b'stopFan()'
2016-04-07 19:36:00,524 - migutils.LoggerWrapper - INFO - b'starting rf reader loop'
2016-04-07 19:36:00,527 - migutils.LoggerWrapper - INFO - b'waiting for rf tag'
2016-04-07 19:36:03,284 - migutils.LoggerWrapper - INFO - b'rf recievied: e18534b1b9957adb4985f8'
2016-04-07 19:36:03,285 - migutils.LoggerWrapper - INFO - b'startSimSequence2()'
2016-04-07 19:36:03,287 - migutils.LoggerWrapper - INFO - b'thread started for: startSim2()'
2016-04-07 19:36:03,307 - migutils.LoggerWrapper - INFO - b'startFan()'
2016-04-07 19:36:03,319 - migutils.LoggerWrapper - INFO - b'startLed2()'
2016-04-07 19:36:04,331 - migutils.LoggerWrapper - INFO - b'stopLed2()'
2016-04-07 19:36:05,334 - migutils.LoggerWrapper - INFO - b'stopFan()'
